[0.015s] Invoking command in '/home/ymzz/ws_ros2/src/Sensors_Ros2/OrbbecSDK_ROS2/orbbec_camera/build/orbbec_camera': CMAKE_PREFIX_PATH=${CMAKE_PREFIX_PATH}:/home/ymzz/ws_ros2/install/remote_operate_pkg:/home/ymzz/ws_ros2/install/ymbot_d_description:/home/ymzz/ws_ros2/install/vr_receiver:/home/ymzz/ws_ros2/install/inspire_hand:/home/ymzz/ws_ros2/install/easy_handeye2:/home/ymzz/ws_moveit/install/moveit_configs_utils:/opt/ros/jazzy DEBUGINFOD_URLS=https://debuginfod.ubuntu.com /usr/bin/cmake /home/ymzz/ws_ros2/src/Sensors_Ros2/OrbbecSDK_ROS2/orbbec_camera -DCMAKE_INSTALL_PREFIX=/home/ymzz/ws_ros2/src/Sensors_Ros2/OrbbecSDK_ROS2/orbbec_camera/install/orbbec_camera
[0.121s] -- The C compiler identification is GNU 13.3.0
[0.189s] -- The CXX compiler identification is GNU 13.3.0
[0.206s] -- Detecting C compiler ABI info
[0.293s] -- Detecting C compiler ABI info - done
[0.298s] -- Check for working C compiler: /usr/bin/cc - skipped
[0.299s] -- Detecting C compile features
[0.299s] -- Detecting C compile features - done
[0.309s] -- Detecting CXX compiler ABI info
[0.401s] -- Detecting CXX compiler ABI info - done
[0.407s] -- Check for working CXX compiler: /usr/bin/c++ - skipped
[0.407s] -- Detecting CXX compile features
[0.407s] -- Detecting CXX compile features - done
[0.416s] -- Found ament_cmake: 2.5.4 (/opt/ros/jazzy/share/ament_cmake/cmake)
[0.581s] -- Found Python3: /home/ymzz/anaconda3/bin/python3 (found version "3.12.7") found components: Interpreter 
[0.736s] -- Found ament_index_cpp: 1.8.1 (/opt/ros/jazzy/share/ament_index_cpp/cmake)
[0.752s] -- Found builtin_interfaces: 2.0.2 (/opt/ros/jazzy/share/builtin_interfaces/cmake)
[0.816s] -- Found rosidl_generator_c: 4.6.5 (/opt/ros/jazzy/share/rosidl_generator_c/cmake)
[0.839s] -- Found rosidl_generator_cpp: 4.6.5 (/opt/ros/jazzy/share/rosidl_generator_cpp/cmake)
[0.867s] -- Using all available rosidl_typesupport_c: rosidl_typesupport_fastrtps_c;rosidl_typesupport_introspection_c
[0.894s] -- Using all available rosidl_typesupport_cpp: rosidl_typesupport_fastrtps_cpp;rosidl_typesupport_introspection_cpp
[0.920s] -- Found cv_bridge: 4.1.0 (/opt/ros/jazzy/share/cv_bridge/cmake)
[1.077s] -- Found rmw_implementation_cmake: 7.3.2 (/opt/ros/jazzy/share/rmw_implementation_cmake/cmake)
[1.085s] -- Found rmw_fastrtps_cpp: 8.4.2 (/opt/ros/jazzy/share/rmw_fastrtps_cpp/cmake)
[1.200s] -- Found OpenSSL: /usr/lib/x86_64-linux-gnu/libcrypto.so (found version "3.0.13")  
[1.222s] -- Found FastRTPS: /opt/ros/jazzy/include (Required is at least version "2.13") 
[1.247s] -- Using RMW implementation 'rmw_fastrtps_cpp' as default
[1.324s] -- Found camera_info_manager: 5.1.6 (/opt/ros/jazzy/share/camera_info_manager/cmake)
[1.336s] -- Setting yaml-cpp_DIR to: '/opt/ros/jazzy/share/yaml_cpp_vendor/cmake/../../../opt/yaml_cpp_vendor/share/cmake/yaml-cpp'
[1.380s] -- Found image_transport: 5.1.6 (/opt/ros/jazzy/share/image_transport/cmake)
[1.423s] -- Found image_publisher: 5.0.10 (/opt/ros/jazzy/share/image_publisher/cmake)
[1.458s] -- Found OpenCV: /usr (found version "4.6.0") 
[1.459s] -- Found orbbec_camera_msgs: 1.2.2 (/home/ymzz/ws_ros2/install/orbbec_camera_msgs/share/orbbec_camera_msgs/cmake)
[1.483s] -- Found std_srvs: 5.3.6 (/opt/ros/jazzy/share/std_srvs/cmake)
[1.499s] -- Found tf2: 0.36.10 (/opt/ros/jazzy/share/tf2/cmake)
[1.508s] -- Found tf2_eigen: 0.36.10 (/opt/ros/jazzy/share/tf2_eigen/cmake)
[1.601s] -- Found tf2_sensor_msgs: 0.36.10 (/opt/ros/jazzy/share/tf2_sensor_msgs/cmake)
[1.605s] -- Performing Test CMAKE_HAVE_LIBC_PTHREAD
[1.700s] -- Performing Test CMAKE_HAVE_LIBC_PTHREAD - Success
[1.701s] -- Found Threads: TRUE  
[1.707s] -- Found diagnostic_updater: 4.2.3 (/opt/ros/jazzy/share/diagnostic_updater/cmake)
[1.750s] -- Found PkgConfig: /usr/bin/pkg-config (found version "1.8.1") 
[1.754s] -- ORRBEC Machine : x86_64
[1.754s] 
[1.754s] -- ORRBEC Machine Bits : 64
[1.754s] 
[2.083s] -- Found ament_lint_auto: 0.17.2 (/opt/ros/jazzy/share/ament_lint_auto/cmake)
[2.162s] -- Configuring done (2.1s)
[2.253s] -- Generating done (0.1s)
[2.268s] -- Build files have been written to: /home/ymzz/ws_ros2/src/Sensors_Ros2/OrbbecSDK_ROS2/orbbec_camera/build/orbbec_camera
[2.280s] Invoked command in '/home/ymzz/ws_ros2/src/Sensors_Ros2/OrbbecSDK_ROS2/orbbec_camera/build/orbbec_camera' returned '0': CMAKE_PREFIX_PATH=${CMAKE_PREFIX_PATH}:/home/ymzz/ws_ros2/install/remote_operate_pkg:/home/ymzz/ws_ros2/install/ymbot_d_description:/home/ymzz/ws_ros2/install/vr_receiver:/home/ymzz/ws_ros2/install/inspire_hand:/home/ymzz/ws_ros2/install/easy_handeye2:/home/ymzz/ws_moveit/install/moveit_configs_utils:/opt/ros/jazzy DEBUGINFOD_URLS=https://debuginfod.ubuntu.com /usr/bin/cmake /home/ymzz/ws_ros2/src/Sensors_Ros2/OrbbecSDK_ROS2/orbbec_camera -DCMAKE_INSTALL_PREFIX=/home/ymzz/ws_ros2/src/Sensors_Ros2/OrbbecSDK_ROS2/orbbec_camera/install/orbbec_camera
[2.282s] Invoking command in '/home/ymzz/ws_ros2/src/Sensors_Ros2/OrbbecSDK_ROS2/orbbec_camera/build/orbbec_camera': CMAKE_PREFIX_PATH=${CMAKE_PREFIX_PATH}:/home/ymzz/ws_ros2/install/remote_operate_pkg:/home/ymzz/ws_ros2/install/ymbot_d_description:/home/ymzz/ws_ros2/install/vr_receiver:/home/ymzz/ws_ros2/install/inspire_hand:/home/ymzz/ws_ros2/install/easy_handeye2:/home/ymzz/ws_moveit/install/moveit_configs_utils:/opt/ros/jazzy DEBUGINFOD_URLS=https://debuginfod.ubuntu.com /usr/bin/cmake --build /home/ymzz/ws_ros2/src/Sensors_Ros2/OrbbecSDK_ROS2/orbbec_camera/build/orbbec_camera -- -j20 -l20
[2.347s] [  4%] [32mBuilding CXX object CMakeFiles/orbbec_camera_node.dir/rclcpp_components/node_main_orbbec_camera_node.cpp.o[0m
[2.347s] [  8%] [32mBuilding CXX object CMakeFiles/orbbec_camera.dir/src/d2c_viewer.cpp.o[0m
[2.347s] [ 12%] [32mBuilding CXX object CMakeFiles/orbbec_camera.dir/src/dynamic_params.cpp.o[0m
[2.347s] [ 16%] [32mBuilding CXX object CMakeFiles/orbbec_camera.dir/src/ros_param_backend.cpp.o[0m
[2.348s] [ 20%] [32mBuilding CXX object CMakeFiles/orbbec_camera.dir/src/ros_service.cpp.o[0m
[2.348s] [ 24%] [32mBuilding CXX object CMakeFiles/orbbec_camera.dir/src/utils.cpp.o[0m
[2.349s] [ 28%] [32mBuilding CXX object CMakeFiles/frame_latency.dir/tools/frame_latency.cpp.o[0m
[2.349s] [ 32%] [32mBuilding CXX object CMakeFiles/frame_latency_node.dir/rclcpp_components/node_main_frame_latency_node.cpp.o[0m
[2.351s] [ 40%] [32mBuilding CXX object CMakeFiles/orbbec_camera.dir/src/image_publisher.cpp.o[0m
[2.352s] [ 40%] [32mBuilding CXX object CMakeFiles/orbbec_camera.dir/src/ob_camera_node_driver.cpp.o[0m
[2.352s] [ 44%] [32mBuilding CXX object CMakeFiles/orbbec_camera.dir/src/ob_camera_node.cpp.o[0m
[2.352s] [ 48%] [32mBuilding CXX object CMakeFiles/orbbec_camera.dir/src/synced_imu_publisher.cpp.o[0m
[2.353s] [ 52%] [32mBuilding CXX object CMakeFiles/orbbec_camera.dir/src/jpeg_decoder.cpp.o[0m
[6.606s] [ 56%] [32m[1mLinking CXX executable orbbec_camera_node[0m
[6.775s] [ 56%] Built target orbbec_camera_node
[8.557s] [ 60%] [32m[1mLinking CXX executable frame_latency_node[0m
[8.752s] [ 60%] Built target frame_latency_node
[33.623s] [ 64%] [32m[1mLinking CXX shared library liborbbec_camera.so[0m
[33.983s] [ 64%] Built target orbbec_camera
[34.007s] [ 68%] [32mBuilding CXX object CMakeFiles/list_devices_node.dir/tools/list_devices_node.cpp.o[0m
[34.008s] [ 72%] [32mBuilding CXX object CMakeFiles/list_depth_work_mode_node.dir/tools/list_depth_work_mode.cpp.o[0m
[34.009s] [ 76%] [32mBuilding CXX object CMakeFiles/list_camera_profile_mode_node.dir/tools/list_camera_profile.cpp.o[0m
[34.010s] [ 80%] [32mBuilding CXX object CMakeFiles/topic_statistics_node.dir/tools/topic_statistics.cpp.o[0m
[36.493s] [ 84%] [32m[1mLinking CXX shared library libframe_latency.so[0m
[36.831s] [ 84%] Built target frame_latency
[42.507s] [ 88%] [32m[1mLinking CXX executable list_depth_work_mode_node[0m
[42.690s] [ 88%] Built target list_depth_work_mode_node
[42.793s] [ 92%] [32m[1mLinking CXX executable list_devices_node[0m
[42.943s] [ 96%] [32m[1mLinking CXX executable list_camera_profile_mode_node[0m
[43.315s] [ 96%] Built target list_devices_node
[43.413s] [ 96%] Built target list_camera_profile_mode_node
[44.038s] [100%] [32m[1mLinking CXX executable topic_statistics_node[0m
[44.207s] [100%] Built target topic_statistics_node
[44.219s] Invoked command in '/home/ymzz/ws_ros2/src/Sensors_Ros2/OrbbecSDK_ROS2/orbbec_camera/build/orbbec_camera' returned '0': CMAKE_PREFIX_PATH=${CMAKE_PREFIX_PATH}:/home/ymzz/ws_ros2/install/remote_operate_pkg:/home/ymzz/ws_ros2/install/ymbot_d_description:/home/ymzz/ws_ros2/install/vr_receiver:/home/ymzz/ws_ros2/install/inspire_hand:/home/ymzz/ws_ros2/install/easy_handeye2:/home/ymzz/ws_moveit/install/moveit_configs_utils:/opt/ros/jazzy DEBUGINFOD_URLS=https://debuginfod.ubuntu.com /usr/bin/cmake --build /home/ymzz/ws_ros2/src/Sensors_Ros2/OrbbecSDK_ROS2/orbbec_camera/build/orbbec_camera -- -j20 -l20
[44.229s] Invoking command in '/home/ymzz/ws_ros2/src/Sensors_Ros2/OrbbecSDK_ROS2/orbbec_camera/build/orbbec_camera': CMAKE_PREFIX_PATH=${CMAKE_PREFIX_PATH}:/home/ymzz/ws_ros2/install/remote_operate_pkg:/home/ymzz/ws_ros2/install/ymbot_d_description:/home/ymzz/ws_ros2/install/vr_receiver:/home/ymzz/ws_ros2/install/inspire_hand:/home/ymzz/ws_ros2/install/easy_handeye2:/home/ymzz/ws_moveit/install/moveit_configs_utils:/opt/ros/jazzy DEBUGINFOD_URLS=https://debuginfod.ubuntu.com /usr/bin/cmake --install /home/ymzz/ws_ros2/src/Sensors_Ros2/OrbbecSDK_ROS2/orbbec_camera/build/orbbec_camera
[44.246s] -- Install configuration: "Release"
[44.246s] -- Installing: /home/ymzz/ws_ros2/src/Sensors_Ros2/OrbbecSDK_ROS2/orbbec_camera/install/orbbec_camera/lib/orbbec_camera/orbbec_camera_node
[44.246s] -- Set non-toolchain portion of runtime path of "/home/ymzz/ws_ros2/src/Sensors_Ros2/OrbbecSDK_ROS2/orbbec_camera/install/orbbec_camera/lib/orbbec_camera/orbbec_camera_node" to ":/home/ymzz/ws_ros2/src/Sensors_Ros2/OrbbecSDK_ROS2/orbbec_camera/SDK/lib/x64"
[44.246s] -- Installing: /home/ymzz/ws_ros2/src/Sensors_Ros2/OrbbecSDK_ROS2/orbbec_camera/install/orbbec_camera/lib/orbbec_camera/frame_latency_node
[44.246s] -- Set non-toolchain portion of runtime path of "/home/ymzz/ws_ros2/src/Sensors_Ros2/OrbbecSDK_ROS2/orbbec_camera/install/orbbec_camera/lib/orbbec_camera/frame_latency_node" to ":/home/ymzz/ws_ros2/src/Sensors_Ros2/OrbbecSDK_ROS2/orbbec_camera/SDK/lib/x64"
[44.247s] -- Installing: /home/ymzz/ws_ros2/src/Sensors_Ros2/OrbbecSDK_ROS2/orbbec_camera/install/orbbec_camera/lib/liborbbec_camera.so
[44.247s] -- Set non-toolchain portion of runtime path of "/home/ymzz/ws_ros2/src/Sensors_Ros2/OrbbecSDK_ROS2/orbbec_camera/install/orbbec_camera/lib/liborbbec_camera.so" to ":/home/ymzz/ws_ros2/src/Sensors_Ros2/OrbbecSDK_ROS2/orbbec_camera/SDK/lib/x64"
[44.247s] -- Installing: /home/ymzz/ws_ros2/src/Sensors_Ros2/OrbbecSDK_ROS2/orbbec_camera/install/orbbec_camera/lib/libframe_latency.so
[44.247s] -- Set non-toolchain portion of runtime path of "/home/ymzz/ws_ros2/src/Sensors_Ros2/OrbbecSDK_ROS2/orbbec_camera/install/orbbec_camera/lib/libframe_latency.so" to ":/home/ymzz/ws_ros2/src/Sensors_Ros2/OrbbecSDK_ROS2/orbbec_camera/SDK/lib/x64"
[44.247s] -- Installing: /home/ymzz/ws_ros2/src/Sensors_Ros2/OrbbecSDK_ROS2/orbbec_camera/install/orbbec_camera/include
[44.247s] -- Installing: /home/ymzz/ws_ros2/src/Sensors_Ros2/OrbbecSDK_ROS2/orbbec_camera/install/orbbec_camera/include/magic_enum
[44.247s] -- Installing: /home/ymzz/ws_ros2/src/Sensors_Ros2/OrbbecSDK_ROS2/orbbec_camera/install/orbbec_camera/include/magic_enum/magic_enum.hpp
[44.247s] -- Installing: /home/ymzz/ws_ros2/src/Sensors_Ros2/OrbbecSDK_ROS2/orbbec_camera/install/orbbec_camera/include/orbbec_camera
[44.247s] -- Installing: /home/ymzz/ws_ros2/src/Sensors_Ros2/OrbbecSDK_ROS2/orbbec_camera/install/orbbec_camera/include/orbbec_camera/ob_camera_node_driver.h
[44.247s] -- Installing: /home/ymzz/ws_ros2/src/Sensors_Ros2/OrbbecSDK_ROS2/orbbec_camera/install/orbbec_camera/include/orbbec_camera/constants.h
[44.247s] -- Installing: /home/ymzz/ws_ros2/src/Sensors_Ros2/OrbbecSDK_ROS2/orbbec_camera/install/orbbec_camera/include/orbbec_camera/ob_camera_node.h
[44.247s] -- Installing: /home/ymzz/ws_ros2/src/Sensors_Ros2/OrbbecSDK_ROS2/orbbec_camera/install/orbbec_camera/include/orbbec_camera/dynamic_params.h
[44.247s] -- Installing: /home/ymzz/ws_ros2/src/Sensors_Ros2/OrbbecSDK_ROS2/orbbec_camera/install/orbbec_camera/include/orbbec_camera/utils.h
[44.247s] -- Installing: /home/ymzz/ws_ros2/src/Sensors_Ros2/OrbbecSDK_ROS2/orbbec_camera/install/orbbec_camera/include/orbbec_camera/rk_mpp_decoder.h
[44.247s] -- Installing: /home/ymzz/ws_ros2/src/Sensors_Ros2/OrbbecSDK_ROS2/orbbec_camera/install/orbbec_camera/include/orbbec_camera/jpeg_decoder.h
[44.247s] -- Installing: /home/ymzz/ws_ros2/src/Sensors_Ros2/OrbbecSDK_ROS2/orbbec_camera/install/orbbec_camera/include/orbbec_camera/synced_imu_publisher.h
[44.247s] -- Installing: /home/ymzz/ws_ros2/src/Sensors_Ros2/OrbbecSDK_ROS2/orbbec_camera/install/orbbec_camera/include/orbbec_camera/d2c_viewer.h
[44.247s] -- Installing: /home/ymzz/ws_ros2/src/Sensors_Ros2/OrbbecSDK_ROS2/orbbec_camera/install/orbbec_camera/include/orbbec_camera/image_publisher.h
[44.247s] -- Installing: /home/ymzz/ws_ros2/src/Sensors_Ros2/OrbbecSDK_ROS2/orbbec_camera/install/orbbec_camera/include/orbbec_camera/ros_param_backend.h
[44.247s] -- Installing: /home/ymzz/ws_ros2/src/Sensors_Ros2/OrbbecSDK_ROS2/orbbec_camera/install/orbbec_camera/include/orbbec_camera/jetson_nv_decoder.h
[44.247s] -- Installing: /home/ymzz/ws_ros2/src/Sensors_Ros2/OrbbecSDK_ROS2/orbbec_camera/install/orbbec_camera/share/orbbec_camera//launch
[44.247s] -- Installing: /home/ymzz/ws_ros2/src/Sensors_Ros2/OrbbecSDK_ROS2/orbbec_camera/install/orbbec_camera/share/orbbec_camera//launch/multi_net_camera.launch.py
[44.247s] -- Installing: /home/ymzz/ws_ros2/src/Sensors_Ros2/OrbbecSDK_ROS2/orbbec_camera/install/orbbec_camera/share/orbbec_camera//launch/dabai_max.launch.py
[44.248s] -- Installing: /home/ymzz/ws_ros2/src/Sensors_Ros2/OrbbecSDK_ROS2/orbbec_camera/install/orbbec_camera/share/orbbec_camera//launch/gemini_ew.launch.py
[44.248s] -- Installing: /home/ymzz/ws_ros2/src/Sensors_Ros2/OrbbecSDK_ROS2/orbbec_camera/install/orbbec_camera/share/orbbec_camera//launch/astra_pro2.launch.py
[44.248s] -- Installing: /home/ymzz/ws_ros2/src/Sensors_Ros2/OrbbecSDK_ROS2/orbbec_camera/install/orbbec_camera/share/orbbec_camera//launch/astra2.launch.py
[44.248s] -- Installing: /home/ymzz/ws_ros2/src/Sensors_Ros2/OrbbecSDK_ROS2/orbbec_camera/install/orbbec_camera/share/orbbec_camera//launch/ob_camera.launch.py
[44.248s] -- Installing: /home/ymzz/ws_ros2/src/Sensors_Ros2/OrbbecSDK_ROS2/orbbec_camera/install/orbbec_camera/share/orbbec_camera//launch/dabai_dcl.py
[44.248s] -- Installing: /home/ymzz/ws_ros2/src/Sensors_Ros2/OrbbecSDK_ROS2/orbbec_camera/install/orbbec_camera/share/orbbec_camera//launch/astra.launch.py
[44.248s] -- Installing: /home/ymzz/ws_ros2/src/Sensors_Ros2/OrbbecSDK_ROS2/orbbec_camera/install/orbbec_camera/share/orbbec_camera//launch/gemini_uw.launch.py
[44.248s] -- Installing: /home/ymzz/ws_ros2/src/Sensors_Ros2/OrbbecSDK_ROS2/orbbec_camera/install/orbbec_camera/share/orbbec_camera//launch/astra_stereo_u3.launch.py
[44.248s] -- Installing: /home/ymzz/ws_ros2/src/Sensors_Ros2/OrbbecSDK_ROS2/orbbec_camera/install/orbbec_camera/share/orbbec_camera//launch/femto.launch.py
[44.248s] -- Installing: /home/ymzz/ws_ros2/src/Sensors_Ros2/OrbbecSDK_ROS2/orbbec_camera/install/orbbec_camera/share/orbbec_camera//launch/multi_camera_synced.launch.py
[44.248s] -- Installing: /home/ymzz/ws_ros2/src/Sensors_Ros2/OrbbecSDK_ROS2/orbbec_camera/install/orbbec_camera/share/orbbec_camera//launch/gemini_e.launch.py
[44.248s] -- Installing: /home/ymzz/ws_ros2/src/Sensors_Ros2/OrbbecSDK_ROS2/orbbec_camera/install/orbbec_camera/share/orbbec_camera//launch/deeya.launch.py
[44.248s] -- Installing: /home/ymzz/ws_ros2/src/Sensors_Ros2/OrbbecSDK_ROS2/orbbec_camera/install/orbbec_camera/share/orbbec_camera//launch/femto_mega.launch.py
[44.248s] -- Installing: /home/ymzz/ws_ros2/src/Sensors_Ros2/OrbbecSDK_ROS2/orbbec_camera/install/orbbec_camera/share/orbbec_camera//launch/dabai_d1.launch.py
[44.248s] -- Installing: /home/ymzz/ws_ros2/src/Sensors_Ros2/OrbbecSDK_ROS2/orbbec_camera/install/orbbec_camera/share/orbbec_camera//launch/gemini2.launch.py
[44.248s] -- Installing: /home/ymzz/ws_ros2/src/Sensors_Ros2/OrbbecSDK_ROS2/orbbec_camera/install/orbbec_camera/share/orbbec_camera//launch/astra_embedded_s.launch.py
[44.248s] -- Installing: /home/ymzz/ws_ros2/src/Sensors_Ros2/OrbbecSDK_ROS2/orbbec_camera/install/orbbec_camera/share/orbbec_camera//launch/dabai_dcw.launch.py
[44.248s] -- Installing: /home/ymzz/ws_ros2/src/Sensors_Ros2/OrbbecSDK_ROS2/orbbec_camera/install/orbbec_camera/share/orbbec_camera//launch/gemini2L.launch.py
[44.248s] -- Installing: /home/ymzz/ws_ros2/src/Sensors_Ros2/OrbbecSDK_ROS2/orbbec_camera/install/orbbec_camera/share/orbbec_camera//launch/dabai_dcw2.launch.py
[44.248s] -- Installing: /home/ymzz/ws_ros2/src/Sensors_Ros2/OrbbecSDK_ROS2/orbbec_camera/install/orbbec_camera/share/orbbec_camera//launch/gemini2VL.launch.py
[44.248s] -- Installing: /home/ymzz/ws_ros2/src/Sensors_Ros2/OrbbecSDK_ROS2/orbbec_camera/install/orbbec_camera/share/orbbec_camera//launch/dabai.launch.py
[44.248s] -- Installing: /home/ymzz/ws_ros2/src/Sensors_Ros2/OrbbecSDK_ROS2/orbbec_camera/install/orbbec_camera/share/orbbec_camera//launch/femto_net_camera.launch.py
[44.248s] -- Installing: /home/ymzz/ws_ros2/src/Sensors_Ros2/OrbbecSDK_ROS2/orbbec_camera/install/orbbec_camera/share/orbbec_camera//launch/dabai_pro.launch.py
[44.248s] -- Installing: /home/ymzz/ws_ros2/src/Sensors_Ros2/OrbbecSDK_ROS2/orbbec_camera/install/orbbec_camera/share/orbbec_camera//launch/gemini_e_lite.launch.py
[44.248s] -- Installing: /home/ymzz/ws_ros2/src/Sensors_Ros2/OrbbecSDK_ROS2/orbbec_camera/install/orbbec_camera/share/orbbec_camera//launch/gemini_330_series.launch.py
[44.248s] -- Installing: /home/ymzz/ws_ros2/src/Sensors_Ros2/OrbbecSDK_ROS2/orbbec_camera/install/orbbec_camera/share/orbbec_camera//launch/gemini2XL.launch.py
[44.248s] -- Installing: /home/ymzz/ws_ros2/src/Sensors_Ros2/OrbbecSDK_ROS2/orbbec_camera/install/orbbec_camera/share/orbbec_camera//launch/dabai_max_pro.launch.py
[44.248s] -- Installing: /home/ymzz/ws_ros2/src/Sensors_Ros2/OrbbecSDK_ROS2/orbbec_camera/install/orbbec_camera/share/orbbec_camera//launch/gemini_intra_process_demo_launch.py
[44.248s] -- Installing: /home/ymzz/ws_ros2/src/Sensors_Ros2/OrbbecSDK_ROS2/orbbec_camera/install/orbbec_camera/share/orbbec_camera//launch/gemini_ew_lite.launch.py
[44.248s] -- Installing: /home/ymzz/ws_ros2/src/Sensors_Ros2/OrbbecSDK_ROS2/orbbec_camera/install/orbbec_camera/share/orbbec_camera//launch/astra_adv.launch.py
[44.249s] -- Installing: /home/ymzz/ws_ros2/src/Sensors_Ros2/OrbbecSDK_ROS2/orbbec_camera/install/orbbec_camera/share/orbbec_camera//launch/femto_bolt.launch.py
[44.249s] -- Installing: /home/ymzz/ws_ros2/src/Sensors_Ros2/OrbbecSDK_ROS2/orbbec_camera/install/orbbec_camera/share/orbbec_camera//launch/multi_camera.launch.py
[44.249s] -- Installing: /home/ymzz/ws_ros2/src/Sensors_Ros2/OrbbecSDK_ROS2/orbbec_camera/install/orbbec_camera/share/orbbec_camera//launch/dabai_dw2.launch.py
[44.249s] -- Installing: /home/ymzz/ws_ros2/src/Sensors_Ros2/OrbbecSDK_ROS2/orbbec_camera/install/orbbec_camera/share/orbbec_camera//launch/dabai_dw.launch.py
[44.249s] -- Installing: /home/ymzz/ws_ros2/src/Sensors_Ros2/OrbbecSDK_ROS2/orbbec_camera/install/orbbec_camera/share/orbbec_camera//config
[44.249s] -- Installing: /home/ymzz/ws_ros2/src/Sensors_Ros2/OrbbecSDK_ROS2/orbbec_camera/install/orbbec_camera/share/orbbec_camera//config/OrbbecSDKConfig_v1.0.xml
[44.249s] -- Installing: /home/ymzz/ws_ros2/src/Sensors_Ros2/OrbbecSDK_ROS2/orbbec_camera/install/orbbec_camera/share/orbbec_camera//config/.gitkeep
[44.249s] -- Installing: /home/ymzz/ws_ros2/src/Sensors_Ros2/OrbbecSDK_ROS2/orbbec_camera/install/orbbec_camera/share/orbbec_camera//config/depthfilter
[44.249s] -- Installing: /home/ymzz/ws_ros2/src/Sensors_Ros2/OrbbecSDK_ROS2/orbbec_camera/install/orbbec_camera/share/orbbec_camera//config/depthfilter/Gemini2_v1.8.json
[44.249s] -- Installing: /home/ymzz/ws_ros2/src/Sensors_Ros2/OrbbecSDK_ROS2/orbbec_camera/install/orbbec_camera/share/orbbec_camera//config/depthfilter/Openni_device.json
[44.249s] -- Installing: /home/ymzz/ws_ros2/src/Sensors_Ros2/OrbbecSDK_ROS2/orbbec_camera/install/orbbec_camera/share/orbbec_camera//config/camera_params.yaml
[44.249s] -- Up-to-date: /home/ymzz/ws_ros2/src/Sensors_Ros2/OrbbecSDK_ROS2/orbbec_camera/install/orbbec_camera/include
[44.249s] -- Installing: /home/ymzz/ws_ros2/src/Sensors_Ros2/OrbbecSDK_ROS2/orbbec_camera/install/orbbec_camera/include/libobsensor
[44.249s] -- Installing: /home/ymzz/ws_ros2/src/Sensors_Ros2/OrbbecSDK_ROS2/orbbec_camera/install/orbbec_camera/include/libobsensor/ObSensor.hpp
[44.249s] -- Installing: /home/ymzz/ws_ros2/src/Sensors_Ros2/OrbbecSDK_ROS2/orbbec_camera/install/orbbec_camera/include/libobsensor/hpp
[44.249s] -- Installing: /home/ymzz/ws_ros2/src/Sensors_Ros2/OrbbecSDK_ROS2/orbbec_camera/install/orbbec_camera/include/libobsensor/hpp/Pipeline.hpp
[44.249s] -- Installing: /home/ymzz/ws_ros2/src/Sensors_Ros2/OrbbecSDK_ROS2/orbbec_camera/install/orbbec_camera/include/libobsensor/hpp/StreamProfile.hpp
[44.249s] -- Installing: /home/ymzz/ws_ros2/src/Sensors_Ros2/OrbbecSDK_ROS2/orbbec_camera/install/orbbec_camera/include/libobsensor/hpp/Sensor.hpp
[44.249s] -- Installing: /home/ymzz/ws_ros2/src/Sensors_Ros2/OrbbecSDK_ROS2/orbbec_camera/install/orbbec_camera/include/libobsensor/hpp/Device.hpp
[44.249s] -- Installing: /home/ymzz/ws_ros2/src/Sensors_Ros2/OrbbecSDK_ROS2/orbbec_camera/install/orbbec_camera/include/libobsensor/hpp/Version.hpp
[44.249s] -- Installing: /home/ymzz/ws_ros2/src/Sensors_Ros2/OrbbecSDK_ROS2/orbbec_camera/install/orbbec_camera/include/libobsensor/hpp/Filter.hpp
[44.249s] -- Installing: /home/ymzz/ws_ros2/src/Sensors_Ros2/OrbbecSDK_ROS2/orbbec_camera/install/orbbec_camera/include/libobsensor/hpp/Context.hpp
[44.249s] -- Installing: /home/ymzz/ws_ros2/src/Sensors_Ros2/OrbbecSDK_ROS2/orbbec_camera/install/orbbec_camera/include/libobsensor/hpp/Error.hpp
[44.249s] -- Installing: /home/ymzz/ws_ros2/src/Sensors_Ros2/OrbbecSDK_ROS2/orbbec_camera/install/orbbec_camera/include/libobsensor/hpp/RecordPlayback.hpp
[44.249s] -- Installing: /home/ymzz/ws_ros2/src/Sensors_Ros2/OrbbecSDK_ROS2/orbbec_camera/install/orbbec_camera/include/libobsensor/hpp/Frame.hpp
[44.249s] -- Installing: /home/ymzz/ws_ros2/src/Sensors_Ros2/OrbbecSDK_ROS2/orbbec_camera/install/orbbec_camera/include/libobsensor/hpp/Types.hpp
[44.249s] -- Installing: /home/ymzz/ws_ros2/src/Sensors_Ros2/OrbbecSDK_ROS2/orbbec_camera/install/orbbec_camera/include/libobsensor/hpp/Utils.hpp
[44.249s] -- Installing: /home/ymzz/ws_ros2/src/Sensors_Ros2/OrbbecSDK_ROS2/orbbec_camera/install/orbbec_camera/include/libobsensor/h
[44.249s] -- Installing: /home/ymzz/ws_ros2/src/Sensors_Ros2/OrbbecSDK_ROS2/orbbec_camera/install/orbbec_camera/include/libobsensor/h/Context.h
[44.249s] -- Installing: /home/ymzz/ws_ros2/src/Sensors_Ros2/OrbbecSDK_ROS2/orbbec_camera/install/orbbec_camera/include/libobsensor/h/Frame.h
[44.249s] -- Installing: /home/ymzz/ws_ros2/src/Sensors_Ros2/OrbbecSDK_ROS2/orbbec_camera/install/orbbec_camera/include/libobsensor/h/Version.h
[44.249s] -- Installing: /home/ymzz/ws_ros2/src/Sensors_Ros2/OrbbecSDK_ROS2/orbbec_camera/install/orbbec_camera/include/libobsensor/h/Device.h
[44.249s] -- Installing: /home/ymzz/ws_ros2/src/Sensors_Ros2/OrbbecSDK_ROS2/orbbec_camera/install/orbbec_camera/include/libobsensor/h/Filter.h
[44.249s] -- Installing: /home/ymzz/ws_ros2/src/Sensors_Ros2/OrbbecSDK_ROS2/orbbec_camera/install/orbbec_camera/include/libobsensor/h/StreamProfile.h
[44.249s] -- Installing: /home/ymzz/ws_ros2/src/Sensors_Ros2/OrbbecSDK_ROS2/orbbec_camera/install/orbbec_camera/include/libobsensor/h/Property.h
[44.250s] -- Installing: /home/ymzz/ws_ros2/src/Sensors_Ros2/OrbbecSDK_ROS2/orbbec_camera/install/orbbec_camera/include/libobsensor/h/RecordPlayback.h
[44.250s] -- Installing: /home/ymzz/ws_ros2/src/Sensors_Ros2/OrbbecSDK_ROS2/orbbec_camera/install/orbbec_camera/include/libobsensor/h/MultipleDevices.h
[44.250s] -- Installing: /home/ymzz/ws_ros2/src/Sensors_Ros2/OrbbecSDK_ROS2/orbbec_camera/install/orbbec_camera/include/libobsensor/h/Sensor.h
[44.250s] -- Installing: /home/ymzz/ws_ros2/src/Sensors_Ros2/OrbbecSDK_ROS2/orbbec_camera/install/orbbec_camera/include/libobsensor/h/Utils.h
[44.250s] -- Installing: /home/ymzz/ws_ros2/src/Sensors_Ros2/OrbbecSDK_ROS2/orbbec_camera/install/orbbec_camera/include/libobsensor/h/Error.h
[44.250s] -- Installing: /home/ymzz/ws_ros2/src/Sensors_Ros2/OrbbecSDK_ROS2/orbbec_camera/install/orbbec_camera/include/libobsensor/h/Pipeline.h
[44.250s] -- Installing: /home/ymzz/ws_ros2/src/Sensors_Ros2/OrbbecSDK_ROS2/orbbec_camera/install/orbbec_camera/include/libobsensor/h/ObTypes.h
[44.250s] -- Installing: /home/ymzz/ws_ros2/src/Sensors_Ros2/OrbbecSDK_ROS2/orbbec_camera/install/orbbec_camera/include/libobsensor/ObSensor.h
[44.250s] -- Up-to-date: /home/ymzz/ws_ros2/src/Sensors_Ros2/OrbbecSDK_ROS2/orbbec_camera/install/orbbec_camera/lib/
[44.250s] -- Installing: /home/ymzz/ws_ros2/src/Sensors_Ros2/OrbbecSDK_ROS2/orbbec_camera/install/orbbec_camera/lib//libOrbbecSDK.so
[44.250s] -- Installing: /home/ymzz/ws_ros2/src/Sensors_Ros2/OrbbecSDK_ROS2/orbbec_camera/install/orbbec_camera/lib//liblive555.so
[44.250s] -- Installing: /home/ymzz/ws_ros2/src/Sensors_Ros2/OrbbecSDK_ROS2/orbbec_camera/install/orbbec_camera/lib//libdepthengine.so
[44.250s] -- Installing: /home/ymzz/ws_ros2/src/Sensors_Ros2/OrbbecSDK_ROS2/orbbec_camera/install/orbbec_camera/lib//libob_usb.so
[44.250s] -- Installing: /home/ymzz/ws_ros2/src/Sensors_Ros2/OrbbecSDK_ROS2/orbbec_camera/install/orbbec_camera/lib//libdepthengine.so.2.0
[44.250s] -- Installing: /home/ymzz/ws_ros2/src/Sensors_Ros2/OrbbecSDK_ROS2/orbbec_camera/install/orbbec_camera/lib//libOrbbecSDK.so.1.10
[44.250s] -- Installing: /home/ymzz/ws_ros2/src/Sensors_Ros2/OrbbecSDK_ROS2/orbbec_camera/install/orbbec_camera/lib//libOrbbecSDK.so.1.10.18
[44.261s] -- Installing: /home/ymzz/ws_ros2/src/Sensors_Ros2/OrbbecSDK_ROS2/orbbec_camera/install/orbbec_camera/lib/orbbec_camera/list_devices_node
[44.261s] -- Set non-toolchain portion of runtime path of "/home/ymzz/ws_ros2/src/Sensors_Ros2/OrbbecSDK_ROS2/orbbec_camera/install/orbbec_camera/lib/orbbec_camera/list_devices_node" to ":/home/ymzz/ws_ros2/src/Sensors_Ros2/OrbbecSDK_ROS2/orbbec_camera/SDK/lib/x64"
[44.261s] -- Installing: /home/ymzz/ws_ros2/src/Sensors_Ros2/OrbbecSDK_ROS2/orbbec_camera/install/orbbec_camera/lib/orbbec_camera/list_depth_work_mode_node
[44.261s] -- Set non-toolchain portion of runtime path of "/home/ymzz/ws_ros2/src/Sensors_Ros2/OrbbecSDK_ROS2/orbbec_camera/install/orbbec_camera/lib/orbbec_camera/list_depth_work_mode_node" to ":/home/ymzz/ws_ros2/src/Sensors_Ros2/OrbbecSDK_ROS2/orbbec_camera/SDK/lib/x64"
[44.261s] -- Installing: /home/ymzz/ws_ros2/src/Sensors_Ros2/OrbbecSDK_ROS2/orbbec_camera/install/orbbec_camera/lib/orbbec_camera/list_camera_profile_mode_node
[44.262s] -- Set non-toolchain portion of runtime path of "/home/ymzz/ws_ros2/src/Sensors_Ros2/OrbbecSDK_ROS2/orbbec_camera/install/orbbec_camera/lib/orbbec_camera/list_camera_profile_mode_node" to ":/home/ymzz/ws_ros2/src/Sensors_Ros2/OrbbecSDK_ROS2/orbbec_camera/SDK/lib/x64"
[44.262s] -- Installing: /home/ymzz/ws_ros2/src/Sensors_Ros2/OrbbecSDK_ROS2/orbbec_camera/install/orbbec_camera/lib/orbbec_camera/topic_statistics_node
[44.263s] -- Set non-toolchain portion of runtime path of "/home/ymzz/ws_ros2/src/Sensors_Ros2/OrbbecSDK_ROS2/orbbec_camera/install/orbbec_camera/lib/orbbec_camera/topic_statistics_node" to ":/home/ymzz/ws_ros2/src/Sensors_Ros2/OrbbecSDK_ROS2/orbbec_camera/SDK/lib/x64"
[44.263s] -- Installing: /home/ymzz/ws_ros2/src/Sensors_Ros2/OrbbecSDK_ROS2/orbbec_camera/install/orbbec_camera/share/orbbec_camera/environment/library_path.sh
[44.263s] -- Installing: /home/ymzz/ws_ros2/src/Sensors_Ros2/OrbbecSDK_ROS2/orbbec_camera/install/orbbec_camera/share/orbbec_camera/environment/library_path.dsv
[44.263s] -- Installing: /home/ymzz/ws_ros2/src/Sensors_Ros2/OrbbecSDK_ROS2/orbbec_camera/install/orbbec_camera/share/ament_index/resource_index/package_run_dependencies/orbbec_camera
[44.263s] -- Installing: /home/ymzz/ws_ros2/src/Sensors_Ros2/OrbbecSDK_ROS2/orbbec_camera/install/orbbec_camera/share/ament_index/resource_index/parent_prefix_path/orbbec_camera
[44.263s] -- Installing: /home/ymzz/ws_ros2/src/Sensors_Ros2/OrbbecSDK_ROS2/orbbec_camera/install/orbbec_camera/share/orbbec_camera/environment/ament_prefix_path.sh
[44.263s] -- Installing: /home/ymzz/ws_ros2/src/Sensors_Ros2/OrbbecSDK_ROS2/orbbec_camera/install/orbbec_camera/share/orbbec_camera/environment/ament_prefix_path.dsv
[44.263s] -- Installing: /home/ymzz/ws_ros2/src/Sensors_Ros2/OrbbecSDK_ROS2/orbbec_camera/install/orbbec_camera/share/orbbec_camera/environment/path.sh
[44.263s] -- Installing: /home/ymzz/ws_ros2/src/Sensors_Ros2/OrbbecSDK_ROS2/orbbec_camera/install/orbbec_camera/share/orbbec_camera/environment/path.dsv
[44.263s] -- Installing: /home/ymzz/ws_ros2/src/Sensors_Ros2/OrbbecSDK_ROS2/orbbec_camera/install/orbbec_camera/share/orbbec_camera/local_setup.bash
[44.263s] -- Installing: /home/ymzz/ws_ros2/src/Sensors_Ros2/OrbbecSDK_ROS2/orbbec_camera/install/orbbec_camera/share/orbbec_camera/local_setup.sh
[44.264s] -- Installing: /home/ymzz/ws_ros2/src/Sensors_Ros2/OrbbecSDK_ROS2/orbbec_camera/install/orbbec_camera/share/orbbec_camera/local_setup.zsh
[44.264s] -- Installing: /home/ymzz/ws_ros2/src/Sensors_Ros2/OrbbecSDK_ROS2/orbbec_camera/install/orbbec_camera/share/orbbec_camera/local_setup.dsv
[44.264s] -- Installing: /home/ymzz/ws_ros2/src/Sensors_Ros2/OrbbecSDK_ROS2/orbbec_camera/install/orbbec_camera/share/orbbec_camera/package.dsv
[44.264s] -- Installing: /home/ymzz/ws_ros2/src/Sensors_Ros2/OrbbecSDK_ROS2/orbbec_camera/install/orbbec_camera/share/ament_index/resource_index/packages/orbbec_camera
[44.264s] -- Installing: /home/ymzz/ws_ros2/src/Sensors_Ros2/OrbbecSDK_ROS2/orbbec_camera/install/orbbec_camera/share/ament_index/resource_index/rclcpp_components/orbbec_camera
[44.264s] -- Installing: /home/ymzz/ws_ros2/src/Sensors_Ros2/OrbbecSDK_ROS2/orbbec_camera/install/orbbec_camera/share/orbbec_camera/cmake/ament_cmake_export_include_directories-extras.cmake
[44.264s] -- Installing: /home/ymzz/ws_ros2/src/Sensors_Ros2/OrbbecSDK_ROS2/orbbec_camera/install/orbbec_camera/share/orbbec_camera/cmake/ament_cmake_export_libraries-extras.cmake
[44.264s] -- Installing: /home/ymzz/ws_ros2/src/Sensors_Ros2/OrbbecSDK_ROS2/orbbec_camera/install/orbbec_camera/share/orbbec_camera/cmake/ament_cmake_export_dependencies-extras.cmake
[44.264s] -- Installing: /home/ymzz/ws_ros2/src/Sensors_Ros2/OrbbecSDK_ROS2/orbbec_camera/install/orbbec_camera/share/orbbec_camera/cmake/orbbec_cameraConfig.cmake
[44.264s] -- Installing: /home/ymzz/ws_ros2/src/Sensors_Ros2/OrbbecSDK_ROS2/orbbec_camera/install/orbbec_camera/share/orbbec_camera/cmake/orbbec_cameraConfig-version.cmake
[44.265s] -- Installing: /home/ymzz/ws_ros2/src/Sensors_Ros2/OrbbecSDK_ROS2/orbbec_camera/install/orbbec_camera/share/orbbec_camera/package.xml
[44.266s] Invoked command in '/home/ymzz/ws_ros2/src/Sensors_Ros2/OrbbecSDK_ROS2/orbbec_camera/build/orbbec_camera' returned '0': CMAKE_PREFIX_PATH=${CMAKE_PREFIX_PATH}:/home/ymzz/ws_ros2/install/remote_operate_pkg:/home/ymzz/ws_ros2/install/ymbot_d_description:/home/ymzz/ws_ros2/install/vr_receiver:/home/ymzz/ws_ros2/install/inspire_hand:/home/ymzz/ws_ros2/install/easy_handeye2:/home/ymzz/ws_moveit/install/moveit_configs_utils:/opt/ros/jazzy DEBUGINFOD_URLS=https://debuginfod.ubuntu.com /usr/bin/cmake --install /home/ymzz/ws_ros2/src/Sensors_Ros2/OrbbecSDK_ROS2/orbbec_camera/build/orbbec_camera
